<?xml version="1.0" encoding="UTF-8"?>
<testng-results skipped="0" failed="0" total="1" passed="1">
  <reporter-output>
  </reporter-output>
  <suite name="Default suite" duration-ms="59752" started-at="2018-10-03T19:50:16Z" finished-at="2018-10-03T19:51:16Z">
    <groups>
    </groups>
    <test name="Default test" duration-ms="59752" started-at="2018-10-03T19:50:16Z" finished-at="2018-10-03T19:51:16Z">
      <class name="smoke.Abc">
        <test-method status="PASS" signature="naresh()[pri:0, instance:smoke.Abc@cb5822]" name="naresh" duration-ms="59661" started-at="2018-10-03T21:50:16Z" finished-at="2018-10-03T21:51:16Z">
          <reporter-output>
          </reporter-output>
        </test-method> <!-- naresh -->
      </class> <!-- smoke.Abc -->
    </test> <!-- Default test -->
  </suite> <!-- Default suite -->
</testng-results>
